=/pretest.json
{
  _: [],
  f: [
    '/home/runner/work/exp-introduction-virtual-reality-iitd/exp-introduction-virtual-reality-iitd/experiment/pretest.json'
  ],
  files: [
    '/home/runner/work/exp-introduction-virtual-reality-iitd/exp-introduction-virtual-reality-iitd/experiment/pretest.json'
  ],
  c: 'assessment',
  contentTypes: 'assessment',
  'content-types': 'assessment',
  '$0': 'validate'
}
Validated true
=/posttest.json
{
  _: [],
  f: [
    '/home/runner/work/exp-introduction-virtual-reality-iitd/exp-introduction-virtual-reality-iitd/experiment/posttest.json'
  ],
  files: [
    '/home/runner/work/exp-introduction-virtual-reality-iitd/exp-introduction-virtual-reality-iitd/experiment/posttest.json'
  ],
  c: 'assessment',
  contentTypes: 'assessment',
  'content-types': 'assessment',
  '$0': 'validate'
}
Failed while validating /home/runner/work/exp-introduction-virtual-reality-iitd/exp-introduction-virtual-reality-iitd/experiment/posttest.json
SyntaxError: /home/runner/work/exp-introduction-virtual-reality-iitd/exp-introduction-virtual-reality-iitd/experiment/posttest.json: Unexpected token ] in JSON at position 1918
